<?xml version="1.0" encoding="UTF-8"?>
<!-- Generated by org.testng.reporters.JUnitReportReporter -->
<testsuite hostname="HOME" name="com.example.tests.GroupRemovalTests" tests="1" failures="0" timestamp="27 Feb 2015 21:41:17 GMT" time="1.229" errors="0">
  <testcase name="deleteSomeGroup" time="1.229" classname="com.example.tests.GroupRemovalTests"/>
</testsuite> <!-- com.example.tests.GroupRemovalTests -->
