<?xml version="1.0" encoding="UTF-8"?>
<!-- Generated by org.testng.reporters.JUnitReportReporter -->
<testsuite hostname="HOME" name="com.example.tests.GroupModificationTests" tests="1" failures="0" timestamp="27 Feb 2015 21:43:53 GMT" time="2.321" errors="0">
  <testcase name="modifySomeGroup" time="2.321" classname="com.example.tests.GroupModificationTests"/>
</testsuite> <!-- com.example.tests.GroupModificationTests -->
