<?xml version="1.0" encoding="UTF-8"?>
<!-- Generated by org.testng.reporters.JUnitReportReporter -->
<testsuite hostname="HOME" name="com.example.tests.ContactCreationTests" tests="2" failures="0" timestamp="15 Feb 2015 18:51:10 GMT" time="5.026" errors="0">
  <testcase name="testEmptyContactCreation" time="2.108" classname="com.example.tests.ContactCreationTests"/>
  <testcase name="testNonEmptyContactCreation" time="2.918" classname="com.example.tests.ContactCreationTests"/>
</testsuite> <!-- com.example.tests.ContactCreationTests -->
