<?xml version="1.0" encoding="UTF-8"?>
<!-- Generated by org.testng.reporters.JUnitReportReporter -->
<testsuite hostname="HOME" name="com.example.tests.GroupCreationTests" tests="2" failures="0" timestamp="15 Feb 2015 18:51:10 GMT" time="2.443" errors="0">
  <testcase name="testNonEmptyGroupCreation" time="1.149" classname="com.example.tests.GroupCreationTests"/>
  <testcase name="testEmptyGroupCreation" time="1.294" classname="com.example.tests.GroupCreationTests"/>
</testsuite> <!-- com.example.tests.GroupCreationTests -->
