<?xml version="1.0" encoding="UTF-8"?>
<!-- Generated by org.testng.reporters.JUnitReportReporter -->
<testsuite hostname="HOME" name="com.example.tests.ContactModificationTests" tests="1" failures="0" timestamp="27 Feb 2015 21:30:52 GMT" time="77.566" errors="0">
  <testcase name="modifySomeContact" time="77.566" classname="com.example.tests.ContactModificationTests"/>
</testsuite> <!-- com.example.tests.ContactModificationTests -->
