<?xml version="1.0" encoding="UTF-8"?>
<!-- Generated by org.testng.reporters.JUnitReportReporter -->
<testsuite hostname="HOME" name="com.example.tests.ContactRemovalTests" tests="1" failures="0" timestamp="27 Feb 2015 21:23:01 GMT" time="1.214" errors="0">
  <testcase name="deleteSomeContact" time="1.214" classname="com.example.tests.ContactRemovalTests"/>
</testsuite> <!-- com.example.tests.ContactRemovalTests -->
